#
# A fatal error has been detected by the Java Runtime Environment:
#
#  EXCEPTION_ACCESS_VIOLATION (0xc0000005) at pc=0x1000475d, pid=4376, tid=668
#
# JRE version: 7.0_05-b05
# Java VM: Java HotSpot(TM) Client VM (23.1-b03 mixed mode, sharing windows-x86 )
# Problematic frame:
# C  [tcnative-1.dll+0x475d]  Java_org_apache_tomcat_jni_Socket_send+0x8d
#
# Failed to write core dump. Minidumps are not enabled by default on client versions of Windows
#
# If you would like to submit a bug report, please visit:
#   http://bugreport.sun.com/bugreport/crash.jsp
# The crash happened outside the Java Virtual Machine in native code.
# See problematic frame for where to report the bug.
#

---------------  T H R E A D  ---------------

Current thread (0x0479ac00):  JavaThread "SnakeWebSocketServlet Timer" daemon [_thread_in_native, id=668, stack(0x06d40000,0x06d90000)]

siginfo: ExceptionCode=0xc0000005, reading address 0x00000020

Registers:
EAX=0x00000000, EBX=0x03d14678, ECX=0x06d8d1b4, EDX=0x00000000
ESP=0x06d8d198, EBP=0x06d8f1b8, ESI=0x0479ad28, EDI=0x06d8d1b4
EIP=0x1000475d, EFLAGS=0x00010246

Top of Stack: (sp=0x06d8d198)
0x06d8d198:   06d8d1b4 06d8d1b0 0479ac00 06d8f1e4
0x06d8d1a8:   00000000 06d8f1dc 00000001 27202c81
0x06d8d1b8:   00000000 203a2027 69277b5b 00000000
0x06d8d1c8:   6f62272c 3a277964 3a787b5b 30363120
0x06d8d1d8:   3a79202c 30323420 00000000 3631203a
0x06d8d1e8:   00000000 00000000 7b2c7d30 31203a78
0x06d8d1f8:   202c3036 34203a79 00000000 203a787b
0x06d8d208:   00000000 00000000 7d303534 3a787b2c 

Instructions: (pc=0x1000475d)
0x1000473d:   57 50 8b 45 1c 50 51 8b 8a 20 03 00 00 56 ff d1
0x1000474d:   8b 53 18 8d 85 f8 df ff ff 50 8b 43 0c 8b cf 51
0x1000475d:   8b 4a 20 50 ff d1 8b f0 eb 61 50 ff 15 9c 44 0c
0x1000476d:   10 8b f8 83 c4 04 85 ff 75 16 8d 47 f4 5f 5e 5b 


Register to memory mapping:

EAX=0x00000000 is an unknown value
EBX=0x03d14678 is an unknown value
ECX=0x06d8d1b4 is pointing into the stack for thread: 0x0479ac00
EDX=0x00000000 is an unknown value
ESP=0x06d8d198 is pointing into the stack for thread: 0x0479ac00
EBP=0x06d8f1b8 is pointing into the stack for thread: 0x0479ac00
ESI=0x0479ad28 is an unknown value
EDI=0x06d8d1b4 is pointing into the stack for thread: 0x0479ac00


Stack: [0x06d40000,0x06d90000],  sp=0x06d8d198,  free space=308k
Native frames: (J=compiled Java code, j=interpreted, Vv=VM code, C=native code)
C  [tcnative-1.dll+0x475d]  Java_org_apache_tomcat_jni_Socket_send+0x8d
J  org.apache.tomcat.jni.Socket.send(J[BII)I
j  org.apache.coyote.http11.upgrade.UpgradeAprProcessor.write(I)V+14
j  org.apache.coyote.http11.upgrade.UpgradeOutbound.write(I)V+5
j  org.apache.catalina.websocket.WsOutbound.doWriteBytes(Ljava/nio/ByteBuffer;Z)V+45
j  org.apache.catalina.websocket.WsOutbound.doWriteText(Ljava/nio/CharBuffer;Z)V+65
j  org.apache.catalina.websocket.WsOutbound.writeTextMessage(Ljava/nio/CharBuffer;)V+44
j  websocket.snake.SnakeWebSocketServlet.broadcast(Ljava/lang/String;)V+41
j  websocket.snake.SnakeWebSocketServlet.tick()V+90
j  websocket.snake.SnakeWebSocketServlet.access$000(Lwebsocket/snake/SnakeWebSocketServlet;)V+1
j  websocket.snake.SnakeWebSocketServlet$1.run()V+4
j  java.util.TimerThread.mainLoop()V+221
j  java.util.TimerThread.run()V+1
v  ~StubRoutines::call_stub
V  [jvm.dll+0x12964a]
V  [jvm.dll+0x1d851e]
V  [jvm.dll+0x129833]
V  [jvm.dll+0x129897]
V  [jvm.dll+0xd24af]
V  [jvm.dll+0x149977]
V  [jvm.dll+0x149ae0]
V  [jvm.dll+0x17e049]
C  [msvcr100.dll+0x5c6de]  endthreadex+0x3a
C  [msvcr100.dll+0x5c788]  endthreadex+0xe4
C  [kernel32.dll+0x4ed6c]  BaseThreadInitThunk+0x12
C  [ntdll.dll+0x6377b]  RtlInitializeExceptionChain+0xef
C  [ntdll.dll+0x6374e]  RtlInitializeExceptionChain+0xc2

Java frames: (J=compiled Java code, j=interpreted, Vv=VM code)
J  org.apache.tomcat.jni.Socket.send(J[BII)I
j  org.apache.coyote.http11.upgrade.UpgradeAprProcessor.write(I)V+14
j  org.apache.coyote.http11.upgrade.UpgradeOutbound.write(I)V+5
j  org.apache.catalina.websocket.WsOutbound.doWriteBytes(Ljava/nio/ByteBuffer;Z)V+45
j  org.apache.catalina.websocket.WsOutbound.doWriteText(Ljava/nio/CharBuffer;Z)V+65
j  org.apache.catalina.websocket.WsOutbound.writeTextMessage(Ljava/nio/CharBuffer;)V+44
j  websocket.snake.SnakeWebSocketServlet.broadcast(Ljava/lang/String;)V+41
j  websocket.snake.SnakeWebSocketServlet.tick()V+90
j  websocket.snake.SnakeWebSocketServlet.access$000(Lwebsocket/snake/SnakeWebSocketServlet;)V+1
j  websocket.snake.SnakeWebSocketServlet$1.run()V+4
j  java.util.TimerThread.mainLoop()V+221
j  java.util.TimerThread.run()V+1
v  ~StubRoutines::call_stub

---------------  P R O C E S S  ---------------

Java Threads: ( => current thread )
=>0x0479ac00 JavaThread "SnakeWebSocketServlet Timer" daemon [_thread_in_native, id=668, stack(0x06d40000,0x06d90000)]
  0x0520f400 JavaThread "http-apr-8080-exec-10" daemon [_thread_blocked, id=1064, stack(0x06b80000,0x06bd0000)]
  0x0520f000 JavaThread "http-apr-8080-exec-9" daemon [_thread_blocked, id=4892, stack(0x04a80000,0x04ad0000)]
  0x0520e800 JavaThread "http-apr-8080-exec-8" daemon [_thread_blocked, id=2456, stack(0x06a00000,0x06a50000)]
  0x0520e400 JavaThread "http-apr-8080-exec-7" daemon [_thread_blocked, id=4320, stack(0x067b0000,0x06800000)]
  0x0520dc00 JavaThread "http-apr-8080-exec-6" daemon [_thread_blocked, id=3628, stack(0x03a70000,0x03ac0000)]
  0x0520d800 JavaThread "http-apr-8080-exec-5" daemon [_thread_blocked, id=4132, stack(0x06930000,0x06980000)]
  0x0520d000 JavaThread "http-apr-8080-exec-4" daemon [_thread_blocked, id=5356, stack(0x06a60000,0x06ab0000)]
  0x0520c800 JavaThread "http-apr-8080-exec-3" daemon [_thread_blocked, id=2112, stack(0x05b10000,0x05b60000)]
  0x0520c400 JavaThread "http-apr-8080-exec-2" daemon [_thread_blocked, id=3056, stack(0x06510000,0x06560000)]
  0x0520bc00 JavaThread "http-apr-8080-exec-1" daemon [_thread_blocked, id=3168, stack(0x06990000,0x069e0000)]
  0x0520b800 JavaThread "ajp-apr-8009-AsyncTimeout" daemon [_thread_blocked, id=4812, stack(0x06870000,0x068c0000)]
  0x0520b000 JavaThread "ajp-apr-8009-Acceptor-0" daemon [_thread_in_native, id=3484, stack(0x06740000,0x06790000)]
  0x0520ac00 JavaThread "ajp-apr-8009-CometPoller-7" daemon [_thread_blocked, id=6084, stack(0x065d0000,0x06620000)]
  0x0520a400 JavaThread "ajp-apr-8009-CometPoller-6" daemon [_thread_blocked, id=5428, stack(0x066e0000,0x06730000)]
  0x05209c00 JavaThread "ajp-apr-8009-CometPoller-5" daemon [_thread_blocked, id=2600, stack(0x06810000,0x06860000)]
  0x05209800 JavaThread "ajp-apr-8009-CometPoller-4" daemon [_thread_blocked, id=5576, stack(0x05140000,0x05190000)]
  0x05209000 JavaThread "ajp-apr-8009-CometPoller-3" daemon [_thread_blocked, id=1460, stack(0x05ec0000,0x05f10000)]
  0x05208c00 JavaThread "ajp-apr-8009-CometPoller-2" daemon [_thread_blocked, id=4996, stack(0x06690000,0x066e0000)]
  0x05208400 JavaThread "ajp-apr-8009-CometPoller-1" daemon [_thread_blocked, id=4304, stack(0x05bb0000,0x05c00000)]
  0x05208000 JavaThread "ajp-apr-8009-CometPoller-0" daemon [_thread_blocked, id=3760, stack(0x05e40000,0x05e90000)]
  0x0484c800 JavaThread "ajp-apr-8009-Poller-7" daemon [_thread_blocked, id=5028, stack(0x06620000,0x06670000)]
  0x0484c400 JavaThread "ajp-apr-8009-Poller-6" daemon [_thread_blocked, id=4860, stack(0x06580000,0x065d0000)]
  0x0484bc00 JavaThread "ajp-apr-8009-Poller-5" daemon [_thread_blocked, id=2736, stack(0x05fb0000,0x06000000)]
  0x0484b400 JavaThread "ajp-apr-8009-Poller-4" daemon [_thread_blocked, id=6012, stack(0x060a0000,0x060f0000)]
  0x0484b000 JavaThread "ajp-apr-8009-Poller-3" daemon [_thread_blocked, id=2240, stack(0x06020000,0x06070000)]
  0x0484a800 JavaThread "ajp-apr-8009-Poller-2" daemon [_thread_blocked, id=5836, stack(0x05a00000,0x05a50000)]
  0x0484a400 JavaThread "ajp-apr-8009-Poller-1" daemon [_thread_blocked, id=804, stack(0x05f50000,0x05fa0000)]
  0x04849c00 JavaThread "ajp-apr-8009-Poller-0" daemon [_thread_blocked, id=5436, stack(0x05df0000,0x05e40000)]
  0x04849800 JavaThread "http-apr-8080-AsyncTimeout" daemon [_thread_blocked, id=4924, stack(0x05d80000,0x05dd0000)]
  0x04849000 JavaThread "http-apr-8080-Acceptor-0" daemon [_thread_in_native, id=4624, stack(0x04ba0000,0x04bf0000)]
  0x04848800 JavaThread "http-apr-8080-Sendfile-0" daemon [_thread_blocked, id=4260, stack(0x05ac0000,0x05b10000)]
  0x04848400 JavaThread "http-apr-8080-CometPoller-7" daemon [_thread_blocked, id=1596, stack(0x05c80000,0x05cd0000)]
  0x04847c00 JavaThread "http-apr-8080-CometPoller-6" daemon [_thread_blocked, id=1284, stack(0x05ce0000,0x05d30000)]
  0x04847800 JavaThread "http-apr-8080-CometPoller-5" daemon [_thread_blocked, id=3624, stack(0x05b60000,0x05bb0000)]
  0x04847000 JavaThread "http-apr-8080-CometPoller-4" daemon [_thread_blocked, id=6132, stack(0x05c00000,0x05c50000)]
  0x04846c00 JavaThread "http-apr-8080-CometPoller-3" daemon [_thread_blocked, id=4240, stack(0x050a0000,0x050f0000)]
  0x04846400 JavaThread "http-apr-8080-CometPoller-2" daemon [_thread_blocked, id=1360, stack(0x042d0000,0x04320000)]
  0x04845c00 JavaThread "http-apr-8080-CometPoller-1" daemon [_thread_blocked, id=2568, stack(0x05a50000,0x05aa0000)]
  0x04845800 JavaThread "http-apr-8080-CometPoller-0" daemon [_thread_blocked, id=5108, stack(0x04850000,0x048a0000)]
  0x04845000 JavaThread "http-apr-8080-Poller-7" daemon [_thread_blocked, id=2480, stack(0x04d10000,0x04d60000)]
  0x047fb400 JavaThread "http-apr-8080-Poller-6" daemon [_thread_blocked, id=3428, stack(0x05190000,0x051e0000)]
  0x047d7800 JavaThread "http-apr-8080-Poller-5" daemon [_thread_blocked, id=2936, stack(0x043a0000,0x043f0000)]
  0x047f6800 JavaThread "http-apr-8080-Poller-4" daemon [_thread_blocked, id=4196, stack(0x050f0000,0x05140000)]
  0x047d7000 JavaThread "http-apr-8080-Poller-3" daemon [_thread_blocked, id=4616, stack(0x04d80000,0x04dd0000)]
  0x047d6c00 JavaThread "http-apr-8080-Poller-2" daemon [_thread_blocked, id=5520, stack(0x04cc0000,0x04d10000)]
  0x047d6400 JavaThread "http-apr-8080-Poller-1" daemon [_thread_blocked, id=4720, stack(0x049f0000,0x04a40000)]
  0x047d5c00 JavaThread "http-apr-8080-Poller-0" daemon [_thread_in_native, id=5764, stack(0x04bf0000,0x04c40000)]
  0x046a6800 JavaThread "ContainerBackgroundProcessor[StandardEngine[Catalina]]" daemon [_thread_blocked, id=308, stack(0x04ae0000,0x04b30000)]
  0x04520000 JavaThread "GC Daemon" daemon [_thread_blocked, id=5048, stack(0x048b0000,0x04900000)]
  0x016a9c00 JavaThread "Service Thread" daemon [_thread_blocked, id=5888, stack(0x03ad0000,0x03b20000)]
  0x01691c00 JavaThread "C1 CompilerThread0" daemon [_thread_blocked, id=1368, stack(0x03990000,0x039e0000)]
  0x01690800 JavaThread "Attach Listener" daemon [_thread_blocked, id=1280, stack(0x03c10000,0x03c60000)]
  0x0168d400 JavaThread "Signal Dispatcher" daemon [_thread_blocked, id=4628, stack(0x038b0000,0x03900000)]
  0x0167b800 JavaThread "Finalizer" daemon [_thread_blocked, id=2500, stack(0x03a10000,0x03a60000)]
  0x01676c00 JavaThread "Reference Handler" daemon [_thread_blocked, id=764, stack(0x03b20000,0x03b70000)]
  0x0034c400 JavaThread "main" [_thread_in_native, id=4432, stack(0x017a0000,0x017f0000)]

Other Threads:
  0x01675800 VMThread [stack: 0x03930000,0x03980000] [id=4228]
  0x016c6000 WatcherThread [stack: 0x03d90000,0x03de0000] [id=928]

VM state:not at safepoint (normal execution)

VM Mutex/Monitor currently owned by a thread: None

Heap
 def new generation   total 8000K, used 7736K [0x238a0000, 0x24140000, 0x28df0000)
  eden space 7168K,  96% used [0x238a0000, 0x23f5e0f0, 0x23fa0000)
  from space 832K, 100% used [0x24070000, 0x24140000, 0x24140000)
  to   space 832K,   0% used [0x23fa0000, 0x23fa0000, 0x24070000)
 tenured generation   total 17652K, used 13512K [0x28df0000, 0x29f2d000, 0x338a0000)
   the space 17652K,  76% used [0x28df0000, 0x29b221a8, 0x29b22200, 0x29f2d000)
 compacting perm gen  total 12288K, used 7296K [0x338a0000, 0x344a0000, 0x378a0000)
   the space 12288K,  59% used [0x338a0000, 0x33fc02f0, 0x33fc0400, 0x344a0000)
    ro space 10240K,  45% used [0x378a0000, 0x37d23960, 0x37d23a00, 0x382a0000)
    rw space 12288K,  54% used [0x382a0000, 0x389274d8, 0x38927600, 0x38ea0000)

Code Cache  [0x017f0000, 0x01a08000, 0x037f0000)
 total_blobs=1018 nmethods=837 adapters=115 free_code_cache=30641Kb largest_free_block=31375616

Compilation events (10 events):
Event: 134.570 Thread 0x01691c00  846             java.util.ArrayDeque::access$300 (5 bytes)
Event: 134.570 Thread 0x01691c00 nmethod 846 0x019bb888 code [0x019bb980, 0x019bb9f0]
Event: 134.570 Thread 0x01691c00  847             java.util.ArrayDeque$DeqIterator::hasNext (17 bytes)
Event: 134.571 Thread 0x01691c00 nmethod 847 0x01a00d08 code [0x01a00e00, 0x01a00e90]
Event: 134.670 Thread 0x01691c00  848             java.util.ArrayDeque::contains (53 bytes)
Event: 134.671 Thread 0x01691c00 nmethod 848 0x01a00ec8 code [0x01a00fe0, 0x01a0111c]
Event: 134.671 Thread 0x01691c00  849  s          websocket.snake.Snake::getLocationsJson (148 bytes)
Event: 134.674 Thread 0x01691c00 nmethod 849 0x01a01248 code [0x01a01540, 0x01a02514]
Event: 136.270 Thread 0x01691c00  850             java.util.ArrayList::toArray (60 bytes)
Event: 136.271 Thread 0x01691c00 nmethod 850 0x01a03848 code [0x01a03960, 0x01a03b78]

GC Heap History (10 events):
Event: 3.119 GC heap before
{Heap before GC invocations=12 (full 0):
 def new generation   total 4928K, used 4927K [0x238a0000, 0x23df0000, 0x28df0000)
  eden space 4416K, 100% used [0x238a0000, 0x23cf0000, 0x23cf0000)
  from space 512K,  99% used [0x23cf0000, 0x23d6fff8, 0x23d70000)
  to   space 512K,   0% used [0x23d70000, 0x23d70000, 0x23df0000)
 tenured generation   total 10944K, used 9288K [0x28df0000, 0x298a0000, 0x338a0000)
   the space 10944K,  84% used [0x28df0000, 0x29702348, 0x29702400, 0x298a0000)
 compacting perm gen  total 12288K, used 5902K [0x338a0000, 0x344a0000, 0x378a0000)
   the space 12288K,  48% used [0x338a0000, 0x33e63b70, 0x33e63c00, 0x344a0000)
    ro space 10240K,  45% used [0x378a0000, 0x37d23960, 0x37d23a00, 0x382a0000)
    rw space 12288K,  54% used [0x382a0000, 0x389274d8, 0x38927600, 0x38ea0000)
Event: 3.123 GC heap after
Heap after GC invocations=13 (full 0):
 def new generation   total 4928K, used 512K [0x238a0000, 0x23df0000, 0x28df0000)
  eden space 4416K,   0% used [0x238a0000, 0x238a0000, 0x23cf0000)
  from space 512K, 100% used [0x23d70000, 0x23df0000, 0x23df0000)
  to   space 512K,   0% used [0x23cf0000, 0x23cf0000, 0x23d70000)
 tenured generation   total 10944K, used 9594K [0x28df0000, 0x298a0000, 0x338a0000)
   the space 10944K,  87% used [0x28df0000, 0x2974ead0, 0x2974ec00, 0x298a0000)
 compacting perm gen  total 12288K, used 5902K [0x338a0000, 0x344a0000, 0x378a0000)
   the space 12288K,  48% used [0x338a0000, 0x33e63b70, 0x33e63c00, 0x344a0000)
    ro space 10240K,  45% used [0x378a0000, 0x37d23960, 0x37d23a00, 0x382a0000)
    rw space 12288K,  54% used [0x382a0000, 0x389274d8, 0x38927600, 0x38ea0000)
}
Event: 3.257 GC heap before
{Heap before GC invocations=13 (full 0):
 def new generation   total 4928K, used 4928K [0x238a0000, 0x23df0000, 0x28df0000)
  eden space 4416K, 100% used [0x238a0000, 0x23cf0000, 0x23cf0000)
  from space 512K, 100% used [0x23d70000, 0x23df0000, 0x23df0000)
  to   space 512K,   0% used [0x23cf0000, 0x23cf0000, 0x23d70000)
 tenured generation   total 10944K, used 9594K [0x28df0000, 0x298a0000, 0x338a0000)
   the space 10944K,  87% used [0x28df0000, 0x2974ead0, 0x2974ec00, 0x298a0000)
 compacting perm gen  total 12288K, used 6002K [0x338a0000, 0x344a0000, 0x378a0000)
   the space 12288K,  48% used [0x338a0000, 0x33e7c958, 0x33e7ca00, 0x344a0000)
    ro space 10240K,  45% used [0x378a0000, 0x37d23960, 0x37d23a00, 0x382a0000)
    rw space 12288K,  54% used [0x382a0000, 0x389274d8, 0x38927600, 0x38ea0000)
Event: 3.262 GC heap after
Heap after GC invocations=14 (full 0):
 def new generation   total 4928K, used 512K [0x238a0000, 0x23df0000, 0x28df0000)
  eden space 4416K,   0% used [0x238a0000, 0x238a0000, 0x23cf0000)
  from space 512K, 100% used [0x23cf0000, 0x23d70000, 0x23d70000)
  to   space 512K,   0% used [0x23d70000, 0x23d70000, 0x23df0000)
 tenured generation   total 10944K, used 10234K [0x28df0000, 0x298a0000, 0x338a0000)
   the space 10944K,  93% used [0x28df0000, 0x297eea00, 0x297eea00, 0x298a0000)
 compacting perm gen  total 12288K, used 6002K [0x338a0000, 0x344a0000, 0x378a0000)
   the space 12288K,  48% used [0x338a0000, 0x33e7c958, 0x33e7ca00, 0x344a0000)
    ro space 10240K,  45% used [0x378a0000, 0x37d23960, 0x37d23a00, 0x382a0000)
    rw space 12288K,  54% used [0x382a0000, 0x389274d8, 0x38927600, 0x38ea0000)
}
Event: 3.384 GC heap before
{Heap before GC invocations=14 (full 0):
 def new generation   total 4928K, used 4928K [0x238a0000, 0x23df0000, 0x28df0000)
  eden space 4416K, 100% used [0x238a0000, 0x23cf0000, 0x23cf0000)
  from space 512K, 100% used [0x23cf0000, 0x23d70000, 0x23d70000)
  to   space 512K,   0% used [0x23d70000, 0x23d70000, 0x23df0000)
 tenured generation   total 10944K, used 10234K [0x28df0000, 0x298a0000, 0x338a0000)
   the space 10944K,  93% used [0x28df0000, 0x297eea00, 0x297eea00, 0x298a0000)
 compacting perm gen  total 12288K, used 6056K [0x338a0000, 0x344a0000, 0x378a0000)
   the space 12288K,  49% used [0x338a0000, 0x33e8a0e8, 0x33e8a200, 0x344a0000)
    ro space 10240K,  45% used [0x378a0000, 0x37d23960, 0x37d23a00, 0x382a0000)
    rw space 12288K,  54% used [0x382a0000, 0x389274d8, 0x38927600, 0x38ea0000)
Event: 3.390 GC heap after
Heap after GC invocations=15 (full 0):
 def new generation   total 4928K, used 512K [0x238a0000, 0x23df0000, 0x28df0000)
  eden space 4416K,   0% used [0x238a0000, 0x238a0000, 0x23cf0000)
  from space 512K, 100% used [0x23d70000, 0x23df0000, 0x23df0000)
  to   space 512K,   0% used [0x23cf0000, 0x23cf0000, 0x23d70000)
 tenured generation   total 10944K, used 10778K [0x28df0000, 0x298a0000, 0x338a0000)
   the space 10944K,  98% used [0x28df0000, 0x29876928, 0x29876a00, 0x298a0000)
 compacting perm gen  total 12288K, used 6056K [0x338a0000, 0x344a0000, 0x378a0000)
   the space 12288K,  49% used [0x338a0000, 0x33e8a0e8, 0x33e8a200, 0x344a0000)
    ro space 10240K,  45% used [0x378a0000, 0x37d23960, 0x37d23a00, 0x382a0000)
    rw space 12288K,  54% used [0x382a0000, 0x389274d8, 0x38927600, 0x38ea0000)
}
Event: 8.500 GC heap before
{Heap before GC invocations=15 (full 0):
 def new generation   total 4928K, used 4927K [0x238a0000, 0x23df0000, 0x28df0000)
  eden space 4416K,  99% used [0x238a0000, 0x23cefc48, 0x23cf0000)
  from space 512K, 100% used [0x23d70000, 0x23df0000, 0x23df0000)
  to   space 512K,   0% used [0x23cf0000, 0x23cf0000, 0x23d70000)
 tenured generation   total 10944K, used 10778K [0x28df0000, 0x298a0000, 0x338a0000)
   the space 10944K,  98% used [0x28df0000, 0x29876928, 0x29876a00, 0x298a0000)
 compacting perm gen  total 12288K, used 6149K [0x338a0000, 0x344a0000, 0x378a0000)
   the space 12288K,  50% used [0x338a0000, 0x33ea17b0, 0x33ea1800, 0x344a0000)
    ro space 10240K,  45% used [0x378a0000, 0x37d23960, 0x37d23a00, 0x382a0000)
    rw space 12288K,  54% used [0x382a0000, 0x389274d8, 0x38927600, 0x38ea0000)
Event: 8.574 GC heap after
Heap after GC invocations=16 (full 1):
 def new generation   total 8000K, used 0K [0x238a0000, 0x24140000, 0x28df0000)
  eden space 7168K,   0% used [0x238a0000, 0x238a0000, 0x23fa0000)
  from space 832K,   0% used [0x23fa0000, 0x23fa0000, 0x24070000)
  to   space 832K,   0% used [0x24070000, 0x24070000, 0x24140000)
 tenured generation   total 17652K, used 10589K [0x28df0000, 0x29f2d000, 0x338a0000)
   the space 17652K,  59% used [0x28df0000, 0x29847550, 0x29847600, 0x29f2d000)
 compacting perm gen  total 12288K, used 6149K [0x338a0000, 0x344a0000, 0x378a0000)
   the space 12288K,  50% used [0x338a0000, 0x33ea17b0, 0x33ea1800, 0x344a0000)
    ro space 10240K,  45% used [0x378a0000, 0x37d23960, 0x37d23a00, 0x382a0000)
    rw space 12288K,  54% used [0x382a0000, 0x389274d8, 0x38927600, 0x38ea0000)
}
Event: 25.617 GC heap before
{Heap before GC invocations=16 (full 1):
 def new generation   total 8000K, used 7168K [0x238a0000, 0x24140000, 0x28df0000)
  eden space 7168K, 100% used [0x238a0000, 0x23fa0000, 0x23fa0000)
  from space 832K,   0% used [0x23fa0000, 0x23fa0000, 0x24070000)
  to   space 832K,   0% used [0x24070000, 0x24070000, 0x24140000)
 tenured generation   total 17652K, used 10589K [0x28df0000, 0x29f2d000, 0x338a0000)
   the space 17652K,  59% used [0x28df0000, 0x29847550, 0x29847600, 0x29f2d000)
 compacting perm gen  total 12288K, used 7175K [0x338a0000, 0x344a0000, 0x378a0000)
   the space 12288K,  58% used [0x338a0000, 0x33fa1ce8, 0x33fa1e00, 0x344a0000)
    ro space 10240K,  45% used [0x378a0000, 0x37d23960, 0x37d23a00, 0x382a0000)
    rw space 12288K,  54% used [0x382a0000, 0x389274d8, 0x38927600, 0x38ea0000)
Event: 25.633 GC heap after
Heap after GC invocations=17 (full 1):
 def new generation   total 8000K, used 832K [0x238a0000, 0x24140000, 0x28df0000)
  eden space 7168K,   0% used [0x238a0000, 0x238a0000, 0x23fa0000)
  from space 832K, 100% used [0x24070000, 0x24140000, 0x24140000)
  to   space 832K,   0% used [0x23fa0000, 0x23fa0000, 0x24070000)
 tenured generation   total 17652K, used 13512K [0x28df0000, 0x29f2d000, 0x338a0000)
   the space 17652K,  76% used [0x28df0000, 0x29b221a8, 0x29b22200, 0x29f2d000)
 compacting perm gen  total 12288K, used 7175K [0x338a0000, 0x344a0000, 0x378a0000)
   the space 12288K,  58% used [0x338a0000, 0x33fa1ce8, 0x33fa1e00, 0x344a0000)
    ro space 10240K,  45% used [0x378a0000, 0x37d23960, 0x37d23a00, 0x382a0000)
    rw space 12288K,  54% used [0x382a0000, 0x389274d8, 0x38927600, 0x38ea0000)
}

Deoptimization events (0 events):
No events

Internal exceptions (10 events):
Event: 104.377 Thread 0x0520dc00 Threw 0x23adc108 at C:\jdk7u5_32P\jdk7u5\hotspot\src\share\vm\prims\jvm.cpp:1166
Event: 104.377 Thread 0x0520dc00 Threw 0x23adc6e0 at C:\jdk7u5_32P\jdk7u5\hotspot\src\share\vm\prims\jvm.cpp:1166
Event: 104.386 Thread 0x0520dc00 Threw 0x23add3d0 at C:\jdk7u5_32P\jdk7u5\hotspot\src\share\vm\prims\jni.cpp:715
Event: 104.386 Thread 0x0520dc00 Threw 0x23addc40 at C:\jdk7u5_32P\jdk7u5\hotspot\src\share\vm\prims\jni.cpp:715
Event: 104.387 Thread 0x0520dc00 Threw 0x23adf6d0 at C:\jdk7u5_32P\jdk7u5\hotspot\src\share\vm\prims\jvm.cpp:1166
Event: 104.387 Thread 0x0520dc00 Threw 0x23adfca0 at C:\jdk7u5_32P\jdk7u5\hotspot\src\share\vm\prims\jvm.cpp:1166
Event: 104.391 Thread 0x0520dc00 Threw 0x23ae3d78 at C:\jdk7u5_32P\jdk7u5\hotspot\src\share\vm\prims\jvm.cpp:1166
Event: 104.391 Thread 0x0520dc00 Threw 0x23ae4310 at C:\jdk7u5_32P\jdk7u5\hotspot\src\share\vm\prims\jvm.cpp:1166
Event: 104.470 Thread 0x0479ac00 Threw 0x23af2380 at C:\jdk7u5_32P\jdk7u5\hotspot\src\share\vm\prims\jvm.cpp:1166
Event: 104.470 Thread 0x0479ac00 Threw 0x23af2950 at C:\jdk7u5_32P\jdk7u5\hotspot\src\share\vm\prims\jvm.cpp:1166

Events (10 events):
Event: 110.417 Executing VM operation: RevokeBias
Event: 110.417 Executing VM operation: RevokeBias done
Event: 114.570 Thread 0x01691c00 flushing nmethod 0x01883208
Event: 114.670 Thread 0x01691c00 flushing nmethod 0x018a37c8
Event: 118.971 Thread 0x01691c00 flushing nmethod 0x018aa108
Event: 120.369 Thread 0x01691c00 flushing nmethod 0x0192e3c8
Event: 120.671 Thread 0x01691c00 flushing nmethod 0x01965cc8
Event: 120.671 Thread 0x01691c00 flushing nmethod 0x0196aa88
Event: 120.671 Thread 0x01691c00 flushing nmethod 0x0196c188
Event: 120.681 Thread 0x01691c00 flushing nmethod 0x019bb888


Dynamic libraries:
0x003a0000 - 0x003cf000 	C:\Program Files\Java\jdk1.7.0_05\bin\java.exe
0x77790000 - 0x778cc000 	C:\Windows\SYSTEM32\ntdll.dll
0x76500000 - 0x765d4000 	C:\Windows\system32\kernel32.dll
0x75ba0000 - 0x75bea000 	C:\Windows\system32\KERNELBASE.dll
0x70240000 - 0x7027c000 	C:\Program Files\AVAST Software\Avast\snxhk.dll
0x762b0000 - 0x76350000 	C:\Windows\system32\ADVAPI32.dll
0x75fd0000 - 0x7607c000 	C:\Windows\system32\msvcrt.dll
0x77930000 - 0x77949000 	C:\Windows\SYSTEM32\sechost.dll
0x75ec0000 - 0x75f61000 	C:\Windows\system32\RPCRT4.dll
0x76080000 - 0x76149000 	C:\Windows\system32\USER32.dll
0x77620000 - 0x7766e000 	C:\Windows\system32\GDI32.dll
0x778e0000 - 0x778ea000 	C:\Windows\system32\LPK.dll
0x76160000 - 0x761fd000 	C:\Windows\system32\USP10.dll
0x74660000 - 0x747fe000 	C:\Windows\WinSxS\x86_microsoft.windows.common-controls_6595b64144ccf1df_6.0.7601.17514_none_41e6975e2bd6f2b2\COMCTL32.dll
0x77960000 - 0x779b7000 	C:\Windows\system32\SHLWAPI.dll
0x76290000 - 0x762af000 	C:\Windows\system32\IMM32.DLL
0x75c20000 - 0x75cec000 	C:\Windows\system32\MSCTF.dll
0x72a80000 - 0x72b3e000 	C:\Program Files\Java\jdk1.7.0_05\jre\bin\msvcr100.dll
0x69660000 - 0x699aa000 	C:\Program Files\Java\jdk1.7.0_05\jre\bin\client\jvm.dll
0x72f00000 - 0x72f07000 	C:\Windows\system32\WSOCK32.dll
0x778f0000 - 0x77925000 	C:\Windows\system32\WS2_32.dll
0x76150000 - 0x76156000 	C:\Windows\system32\NSI.dll
0x74430000 - 0x74462000 	C:\Windows\system32\WINMM.dll
0x778d0000 - 0x778d5000 	C:\Windows\system32\PSAPI.DLL
0x74990000 - 0x7499c000 	C:\Program Files\Java\jdk1.7.0_05\jre\bin\verify.dll
0x73d80000 - 0x73da0000 	C:\Program Files\Java\jdk1.7.0_05\jre\bin\java.dll
0x72f90000 - 0x72fa3000 	C:\Program Files\Java\jdk1.7.0_05\jre\bin\zip.dll
0x72b60000 - 0x72b74000 	C:\Program Files\Java\jdk1.7.0_05\jre\bin\net.dll
0x75360000 - 0x7539c000 	C:\Windows\system32\mswsock.dll
0x75350000 - 0x75356000 	C:\Windows\System32\wship6.dll
0x74980000 - 0x7498f000 	C:\Program Files\Java\jdk1.7.0_05\jre\bin\nio.dll
0x73d70000 - 0x73d7a000 	C:\Program Files\Java\jdk1.7.0_05\jre\bin\management.dll
0x10000000 - 0x1011c000 	C:\apache-tomcat-7.0.28\bin\tcnative-1.dll
0x753a0000 - 0x753b6000 	C:\Windows\system32\CRYPTSP.dll
0x75140000 - 0x7517b000 	C:\Windows\system32\rsaenh.dll
0x758a0000 - 0x758ac000 	C:\Windows\system32\CRYPTBASE.dll
0x72a60000 - 0x72a80000 	C:\Program Files\Java\jdk1.7.0_05\jre\bin\sunec.dll
0x73760000 - 0x73769000 	C:\Program Files\Java\jdk1.7.0_05\jre\bin\sunmscapi.dll
0x759a0000 - 0x75abe000 	C:\Windows\system32\CRYPT32.dll
0x75990000 - 0x7599c000 	C:\Windows\system32\MSASN1.dll
0x74eb0000 - 0x74eb5000 	C:\Windows\System32\wshtcpip.dll
0x74f80000 - 0x74f97000 	C:\Windows\system32\USERENV.dll
0x75920000 - 0x7592b000 	C:\Windows\system32\profapi.dll
0x74970000 - 0x74980000 	C:\Windows\system32\NLAapi.dll
0x709a0000 - 0x709b0000 	C:\Windows\system32\napinsp.dll
0x70980000 - 0x70992000 	C:\Windows\system32\pnrpnsp.dll
0x75220000 - 0x75264000 	C:\Windows\system32\DNSAPI.dll
0x70830000 - 0x70838000 	C:\Windows\System32\winrnr.dll
0x73b00000 - 0x73b1c000 	C:\Windows\system32\IPHLPAPI.DLL
0x73bd0000 - 0x73bd7000 	C:\Windows\system32\WINNSI.DLL
0x70820000 - 0x70826000 	C:\Windows\system32\rasadhlp.dll
0x73b70000 - 0x73ba8000 	C:\Windows\System32\fwpuclnt.dll
0x60ab0000 - 0x60bf2000 	C:\Program Files\Java\jdk1.7.0_05\jre\bin\awt.dll
0x76200000 - 0x7628f000 	C:\Windows\system32\OLEAUT32.dll
0x763a0000 - 0x764fc000 	C:\Windows\system32\ole32.dll
0x716f0000 - 0x717db000 	C:\Windows\system32\dbghelp.dll

VM Arguments:
jvm_args: -Djava.util.logging.config.file=C:\apache-tomcat-7.0.28\conf\logging.properties -Djava.util.logging.manager=org.apache.juli.ClassLoaderLogManager -Djava.endorsed.dirs=C:\apache-tomcat-7.0.28\endorsed -Dcatalina.base=C:\apache-tomcat-7.0.28 -Dcatalina.home=C:\apache-tomcat-7.0.28 -Djava.io.tmpdir=C:\apache-tomcat-7.0.28\temp 
java_command: org.apache.catalina.startup.Bootstrap start
Launcher Type: SUN_STANDARD

Environment Variables:
JAVA_HOME=C:\Program Files\Java\jdk1.7.0_05
JRE_HOME=C:\Program Files\Java\jdk1.7.0_05
CLASSPATH=C:\apache-tomcat-7.0.28\bin\bootstrap.jar;C:\apache-tomcat-7.0.28\bin\tomcat-juli.jar
PATH=C:\Windows\system32;C:\Windows;C:\Windows\System32\Wbem;C:\Windows\System32\WindowsPowerShell\v1.0\;C:\Program Files\MySQL\MySQL Server 5.5\bin;C:\Program Files\Java\jdk1.7.0_05\bin;C:\Program Files\Java\jre6\lib;C:\Program Files\Java\jdk1.7.0_05\bin
USERNAME=Leo
OS=Windows_NT
PROCESSOR_IDENTIFIER=x86 Family 6 Model 23 Stepping 10, GenuineIntel



---------------  S Y S T E M  ---------------

OS: Windows 7 Build 7601 Service Pack 1

CPU:total 2 (2 cores per cpu, 1 threads per core) family 6 model 23 stepping 10, cmov, cx8, fxsr, mmx, sse, sse2, sse3, ssse3, tsc

Memory: 4k page, physical 2025448k(930768k free), swap 5061608k(3521408k free)

vm_info: Java HotSpot(TM) Client VM (23.1-b03) for windows-x86 JRE (1.7.0_05-b05), built on May 15 2012 18:11:27 by "java_re" with unknown MS VC++:1600

time: Thu Aug 09 23:07:37 2012
elapsed time: 136 seconds

