sep 16, 2012 3:59:45 PM org.apache.catalina.core.AprLifecycleListener init
Información: Cargada la biblioteca nativa APR de Apache Tomcat 1.1.24 con la versión APR 1.4.6.
sep 16, 2012 3:59:45 PM org.apache.catalina.core.AprLifecycleListener init
Información: Capacidades APR: IPv6 [true], enviar fichero [true], aceptar filtros [false], aleatorio [true].
sep 16, 2012 3:59:47 PM org.apache.catalina.core.AprLifecycleListener initializeSSL
Información: OpenSSL inicializado correctamente (OpenSSL 1.0.1c 10 May 2012)
sep 16, 2012 3:59:48 PM org.apache.coyote.AbstractProtocol init
Información: Initializing ProtocolHandler ["http-apr-8080"]
sep 16, 2012 3:59:49 PM org.apache.coyote.AbstractProtocol init
Información: Initializing ProtocolHandler ["ajp-apr-8009"]
sep 16, 2012 3:59:49 PM org.apache.catalina.startup.Catalina load
Información: Initialization processed in 5723 ms
sep 16, 2012 3:59:49 PM org.apache.catalina.core.StandardService startInternal
Información: Arrancando servicio Catalina
sep 16, 2012 3:59:49 PM org.apache.catalina.core.StandardEngine startInternal
Información: Starting Servlet Engine: Apache Tomcat/7.0.28
sep 16, 2012 3:59:49 PM org.apache.catalina.startup.HostConfig deployWAR
Información: Despliegue del archivo C:\apache-tomcat-7.0.28\webapps\ProyWeb10.war de la aplicación web
sep 16, 2012 3:59:51 PM org.apache.catalina.util.SessionIdGenerator createSecureRandom
Información: Creation of SecureRandom instance for session ID generation using [SHA1PRNG] took [266] milliseconds.
sep 16, 2012 3:59:52 PM org.apache.catalina.startup.HostConfig deployWAR
Información: Despliegue del archivo C:\apache-tomcat-7.0.28\webapps\SISTEMA_DE_MANEJO_HANDHELD.war de la aplicación web
sep 16, 2012 3:59:52 PM org.apache.catalina.startup.HostConfig deployDirectory
Información: Despliegue del directorio C:\apache-tomcat-7.0.28\webapps\docs de la aplicación web
sep 16, 2012 3:59:52 PM org.apache.catalina.startup.HostConfig deployDirectory
Información: Despliegue del directorio C:\apache-tomcat-7.0.28\webapps\examples de la aplicación web
sep 16, 2012 3:59:53 PM org.apache.catalina.startup.HostConfig deployDirectory
Información: Despliegue del directorio C:\apache-tomcat-7.0.28\webapps\host-manager de la aplicación web
sep 16, 2012 3:59:53 PM org.apache.catalina.startup.HostConfig deployDirectory
Información: Despliegue del directorio C:\apache-tomcat-7.0.28\webapps\manager de la aplicación web
sep 16, 2012 3:59:53 PM org.apache.catalina.startup.HostConfig deployDirectory
Información: Despliegue del directorio C:\apache-tomcat-7.0.28\webapps\ROOT de la aplicación web
sep 16, 2012 3:59:53 PM org.apache.coyote.AbstractProtocol start
Información: Starting ProtocolHandler ["http-apr-8080"]
sep 16, 2012 3:59:53 PM org.apache.coyote.AbstractProtocol start
Información: Starting ProtocolHandler ["ajp-apr-8009"]
sep 16, 2012 3:59:53 PM org.apache.catalina.startup.Catalina start
Información: Server startup in 4713 ms
sep 16, 2012 7:28:41 PM org.apache.coyote.AbstractProtocol pause
Información: Pausing ProtocolHandler ["http-apr-8080"]
sep 16, 2012 7:28:41 PM org.apache.coyote.AbstractProtocol pause
Información: Pausing ProtocolHandler ["ajp-apr-8009"]
sep 16, 2012 7:28:41 PM org.apache.catalina.core.StandardService stopInternal
Información: Parando servicio Catalina
sep 16, 2012 7:28:42 PM org.apache.catalina.loader.WebappClassLoader clearReferencesJdbc
Grave: La aplicación web [/ProyWeb10] registró el conductor JDBC [com.mysql.jdbc.Driver] pero falló al anular el registro mientras la aplicación web estaba parada. Para prevenir un fallo de memoria, se ha anulado el registro del conductor JDBC por la fuerza.
sep 16, 2012 7:28:42 PM org.apache.coyote.AbstractProtocol stop
Información: Stopping ProtocolHandler ["http-apr-8080"]
sep 16, 2012 7:28:42 PM org.apache.coyote.AbstractProtocol stop
Información: Stopping ProtocolHandler ["ajp-apr-8009"]
sep 16, 2012 9:50:28 PM org.apache.catalina.core.AprLifecycleListener init
Información: Cargada la biblioteca nativa APR de Apache Tomcat 1.1.24 con la versión APR 1.4.6.
sep 16, 2012 9:50:28 PM org.apache.catalina.core.AprLifecycleListener init
Información: Capacidades APR: IPv6 [true], enviar fichero [true], aceptar filtros [false], aleatorio [true].
sep 16, 2012 9:50:29 PM org.apache.catalina.core.AprLifecycleListener initializeSSL
Información: OpenSSL inicializado correctamente (OpenSSL 1.0.1c 10 May 2012)
sep 16, 2012 9:50:29 PM org.apache.coyote.AbstractProtocol init
Información: Initializing ProtocolHandler ["http-apr-8080"]
sep 16, 2012 9:50:29 PM org.apache.coyote.AbstractProtocol init
Información: Initializing ProtocolHandler ["ajp-apr-8009"]
sep 16, 2012 9:50:29 PM org.apache.catalina.startup.Catalina load
Información: Initialization processed in 2496 ms
sep 16, 2012 9:50:29 PM org.apache.catalina.core.StandardService startInternal
Información: Arrancando servicio Catalina
sep 16, 2012 9:50:29 PM org.apache.catalina.core.StandardEngine startInternal
Información: Starting Servlet Engine: Apache Tomcat/7.0.28
sep 16, 2012 9:50:29 PM org.apache.catalina.startup.HostConfig deployWAR
Información: Despliegue del archivo C:\apache-tomcat-7.0.28\webapps\ProyWeb10.war de la aplicación web
sep 16, 2012 9:50:31 PM org.apache.catalina.util.SessionIdGenerator createSecureRandom
Información: Creation of SecureRandom instance for session ID generation using [SHA1PRNG] took [109] milliseconds.
sep 16, 2012 9:50:31 PM org.apache.catalina.startup.HostConfig deployWAR
Información: Despliegue del archivo C:\apache-tomcat-7.0.28\webapps\SISTEMA_DE_MANEJO_HANDHELD.war de la aplicación web
sep 16, 2012 9:50:32 PM org.apache.catalina.startup.HostConfig deployDirectory
Información: Despliegue del directorio C:\apache-tomcat-7.0.28\webapps\docs de la aplicación web
sep 16, 2012 9:50:32 PM org.apache.catalina.startup.HostConfig deployDirectory
Información: Despliegue del directorio C:\apache-tomcat-7.0.28\webapps\examples de la aplicación web
sep 16, 2012 9:50:32 PM org.apache.catalina.startup.HostConfig deployDirectory
Información: Despliegue del directorio C:\apache-tomcat-7.0.28\webapps\host-manager de la aplicación web
sep 16, 2012 9:50:33 PM org.apache.catalina.startup.HostConfig deployDirectory
Información: Despliegue del directorio C:\apache-tomcat-7.0.28\webapps\manager de la aplicación web
sep 16, 2012 9:50:33 PM org.apache.catalina.startup.HostConfig deployDirectory
Información: Despliegue del directorio C:\apache-tomcat-7.0.28\webapps\ROOT de la aplicación web
sep 16, 2012 9:50:33 PM org.apache.coyote.AbstractProtocol start
Información: Starting ProtocolHandler ["http-apr-8080"]
sep 16, 2012 9:50:33 PM org.apache.coyote.AbstractProtocol start
Información: Starting ProtocolHandler ["ajp-apr-8009"]
sep 16, 2012 9:50:33 PM org.apache.catalina.startup.Catalina start
Información: Server startup in 3734 ms
