sep 26, 2012 8:54:18 PM org.apache.catalina.core.AprLifecycleListener init
Información: Cargada la biblioteca nativa APR de Apache Tomcat 1.1.24 con la versión APR 1.4.6.
sep 26, 2012 8:54:19 PM org.apache.catalina.core.AprLifecycleListener init
Información: Capacidades APR: IPv6 [true], enviar fichero [true], aceptar filtros [false], aleatorio [true].
sep 26, 2012 8:54:20 PM org.apache.catalina.core.AprLifecycleListener initializeSSL
Información: OpenSSL inicializado correctamente (OpenSSL 1.0.1c 10 May 2012)
sep 26, 2012 8:54:22 PM org.apache.coyote.AbstractProtocol init
Información: Initializing ProtocolHandler ["http-apr-8080"]
sep 26, 2012 8:54:22 PM org.apache.coyote.AbstractProtocol init
Información: Initializing ProtocolHandler ["ajp-apr-8009"]
sep 26, 2012 8:54:22 PM org.apache.catalina.startup.Catalina load
Información: Initialization processed in 5266 ms
sep 26, 2012 8:54:22 PM org.apache.catalina.core.StandardService startInternal
Información: Arrancando servicio Catalina
sep 26, 2012 8:54:22 PM org.apache.catalina.core.StandardEngine startInternal
Información: Starting Servlet Engine: Apache Tomcat/7.0.28
sep 26, 2012 8:54:22 PM org.apache.catalina.startup.HostConfig deployWAR
Información: Despliegue del archivo C:\apache-tomcat-7.0.28\webapps\ProyWeb10.war de la aplicación web
sep 26, 2012 8:54:24 PM org.apache.catalina.startup.HostConfig deployWAR
Información: Despliegue del archivo C:\apache-tomcat-7.0.28\webapps\SISTEMA_DE_MANEJO_HANDHELD.war de la aplicación web
sep 26, 2012 8:54:25 PM org.apache.catalina.startup.HostConfig deployDirectory
Información: Despliegue del directorio C:\apache-tomcat-7.0.28\webapps\docs de la aplicación web
sep 26, 2012 8:54:25 PM org.apache.catalina.startup.HostConfig deployDirectory
Información: Despliegue del directorio C:\apache-tomcat-7.0.28\webapps\examples de la aplicación web
sep 26, 2012 8:54:25 PM org.apache.catalina.startup.HostConfig deployDirectory
Información: Despliegue del directorio C:\apache-tomcat-7.0.28\webapps\host-manager de la aplicación web
sep 26, 2012 8:54:25 PM org.apache.catalina.startup.HostConfig deployDirectory
Información: Despliegue del directorio C:\apache-tomcat-7.0.28\webapps\manager de la aplicación web
sep 26, 2012 8:54:26 PM org.apache.catalina.startup.HostConfig deployDirectory
Información: Despliegue del directorio C:\apache-tomcat-7.0.28\webapps\ROOT de la aplicación web
sep 26, 2012 8:54:26 PM org.apache.coyote.AbstractProtocol start
Información: Starting ProtocolHandler ["http-apr-8080"]
sep 26, 2012 8:54:26 PM org.apache.coyote.AbstractProtocol start
Información: Starting ProtocolHandler ["ajp-apr-8009"]
sep 26, 2012 8:54:26 PM org.apache.catalina.startup.Catalina start
Información: Server startup in 3914 ms
sep 26, 2012 9:38:26 PM org.apache.coyote.AbstractProtocol pause
Información: Pausing ProtocolHandler ["http-apr-8080"]
sep 26, 2012 9:38:26 PM org.apache.coyote.AbstractProtocol pause
Información: Pausing ProtocolHandler ["ajp-apr-8009"]
sep 26, 2012 9:38:26 PM org.apache.catalina.core.StandardService stopInternal
Información: Parando servicio Catalina
sep 26, 2012 9:38:26 PM org.apache.catalina.loader.WebappClassLoader clearReferencesJdbc
Grave: La aplicación web [/SISTEMA_DE_MANEJO_HANDHELD] registró el conductor JDBC [com.mysql.jdbc.Driver] pero falló al anular el registro mientras la aplicación web estaba parada. Para prevenir un fallo de memoria, se ha anulado el registro del conductor JDBC por la fuerza.
sep 26, 2012 9:38:26 PM org.apache.coyote.AbstractProtocol stop
Información: Stopping ProtocolHandler ["http-apr-8080"]
sep 26, 2012 9:38:26 PM org.apache.coyote.AbstractProtocol stop
Información: Stopping ProtocolHandler ["ajp-apr-8009"]
