sep 04, 2012 2:10:57 AM org.apache.catalina.core.AprLifecycleListener init
Información: Cargada la biblioteca nativa APR de Apache Tomcat 1.1.24 con la versión APR 1.4.6.
sep 04, 2012 2:10:57 AM org.apache.catalina.core.AprLifecycleListener init
Información: Capacidades APR: IPv6 [true], enviar fichero [true], aceptar filtros [false], aleatorio [true].
sep 04, 2012 2:10:59 AM org.apache.catalina.core.AprLifecycleListener initializeSSL
Información: OpenSSL inicializado correctamente (OpenSSL 1.0.1c 10 May 2012)
sep 04, 2012 2:11:00 AM org.apache.coyote.AbstractProtocol init
Información: Initializing ProtocolHandler ["http-apr-8080"]
sep 04, 2012 2:11:00 AM org.apache.coyote.AbstractProtocol init
Información: Initializing ProtocolHandler ["ajp-apr-8009"]
sep 04, 2012 2:11:00 AM org.apache.catalina.startup.Catalina load
Información: Initialization processed in 5115 ms
sep 04, 2012 2:11:01 AM org.apache.catalina.core.StandardService startInternal
Información: Arrancando servicio Catalina
sep 04, 2012 2:11:01 AM org.apache.catalina.core.StandardEngine startInternal
Información: Starting Servlet Engine: Apache Tomcat/7.0.28
sep 04, 2012 2:11:01 AM org.apache.catalina.startup.HostConfig deployWAR
Información: Despliegue del archivo C:\apache-tomcat-7.0.28\webapps\SISTEMA_DE_MANEJO_HANDHELD.war de la aplicación web
sep 04, 2012 2:11:02 AM org.apache.catalina.startup.HostConfig deployDirectory
Información: Despliegue del directorio C:\apache-tomcat-7.0.28\webapps\docs de la aplicación web
sep 04, 2012 2:11:02 AM org.apache.catalina.startup.HostConfig deployDirectory
Información: Despliegue del directorio C:\apache-tomcat-7.0.28\webapps\examples de la aplicación web
sep 04, 2012 2:11:03 AM org.apache.catalina.startup.HostConfig deployDirectory
Información: Despliegue del directorio C:\apache-tomcat-7.0.28\webapps\host-manager de la aplicación web
sep 04, 2012 2:11:03 AM org.apache.catalina.startup.HostConfig deployDirectory
Información: Despliegue del directorio C:\apache-tomcat-7.0.28\webapps\manager de la aplicación web
sep 04, 2012 2:11:03 AM org.apache.catalina.startup.HostConfig deployDirectory
Información: Despliegue del directorio C:\apache-tomcat-7.0.28\webapps\ROOT de la aplicación web
sep 04, 2012 2:11:04 AM org.apache.coyote.AbstractProtocol start
Información: Starting ProtocolHandler ["http-apr-8080"]
sep 04, 2012 2:11:04 AM org.apache.coyote.AbstractProtocol start
Información: Starting ProtocolHandler ["ajp-apr-8009"]
sep 04, 2012 2:11:04 AM org.apache.catalina.startup.Catalina start
Información: Server startup in 3174 ms
sep 04, 2012 2:11:35 AM org.apache.catalina.startup.HostConfig deployWAR
Información: Despliegue del archivo C:\apache-tomcat-7.0.28\webapps\ProyWeb10.war de la aplicación web
sep 04, 2012 2:22:57 AM org.apache.catalina.core.StandardContext reload
Información: Ha comenzado la recarga de Contexto [/ProyWeb10]
sep 04, 2012 2:22:57 AM org.apache.catalina.loader.WebappClassLoader clearReferencesJdbc
Grave: La aplicación web [/ProyWeb10] registró el conductor JDBC [com.mysql.jdbc.Driver] pero falló al anular el registro mientras la aplicación web estaba parada. Para prevenir un fallo de memoria, se ha anulado el registro del conductor JDBC por la fuerza.
sep 04, 2012 2:22:57 AM org.apache.catalina.core.StandardContext reload
Información: Se ha completado la Regarga de este Contexto
sep 04, 2012 2:23:01 AM org.apache.catalina.core.StandardContext reload
Información: Ha comenzado la recarga de Contexto [/ProyWeb10]
sep 04, 2012 2:23:01 AM org.apache.catalina.core.StandardContext reload
Información: Se ha completado la Regarga de este Contexto
sep 04, 2012 2:23:01 AM org.apache.catalina.core.StandardContext reload
Información: Ha comenzado la recarga de Contexto [/ProyWeb10]
sep 04, 2012 2:23:02 AM org.apache.catalina.core.StandardContext reload
Información: Se ha completado la Regarga de este Contexto
sep 04, 2012 2:23:07 AM org.apache.catalina.core.StandardContext reload
Información: Ha comenzado la recarga de Contexto [/ProyWeb10]
sep 04, 2012 2:23:08 AM org.apache.catalina.core.StandardContext reload
Información: Se ha completado la Regarga de este Contexto
sep 04, 2012 2:26:39 AM org.apache.coyote.AbstractProtocol pause
Información: Pausing ProtocolHandler ["http-apr-8080"]
sep 04, 2012 2:26:39 AM org.apache.coyote.AbstractProtocol pause
Información: Pausing ProtocolHandler ["ajp-apr-8009"]
sep 04, 2012 2:26:40 AM org.apache.catalina.core.StandardService stopInternal
Información: Parando servicio Catalina
sep 04, 2012 2:26:40 AM org.apache.coyote.AbstractProtocol stop
Información: Stopping ProtocolHandler ["http-apr-8080"]
sep 04, 2012 2:26:40 AM org.apache.coyote.AbstractProtocol stop
Información: Stopping ProtocolHandler ["ajp-apr-8009"]
sep 04, 2012 2:26:42 AM org.apache.catalina.core.AprLifecycleListener init
Información: Cargada la biblioteca nativa APR de Apache Tomcat 1.1.24 con la versión APR 1.4.6.
sep 04, 2012 2:26:42 AM org.apache.catalina.core.AprLifecycleListener init
Información: Capacidades APR: IPv6 [true], enviar fichero [true], aceptar filtros [false], aleatorio [true].
sep 04, 2012 2:26:44 AM org.apache.catalina.core.AprLifecycleListener initializeSSL
Información: OpenSSL inicializado correctamente (OpenSSL 1.0.1c 10 May 2012)
sep 04, 2012 2:26:44 AM org.apache.coyote.AbstractProtocol init
Información: Initializing ProtocolHandler ["http-apr-8080"]
sep 04, 2012 2:26:44 AM org.apache.coyote.AbstractProtocol init
Información: Initializing ProtocolHandler ["ajp-apr-8009"]
sep 04, 2012 2:26:44 AM org.apache.catalina.startup.Catalina load
Información: Initialization processed in 2430 ms
sep 04, 2012 2:26:44 AM org.apache.catalina.core.StandardService startInternal
Información: Arrancando servicio Catalina
sep 04, 2012 2:26:44 AM org.apache.catalina.core.StandardEngine startInternal
Información: Starting Servlet Engine: Apache Tomcat/7.0.28
sep 04, 2012 2:26:44 AM org.apache.catalina.startup.HostConfig deployWAR
Información: Despliegue del archivo C:\apache-tomcat-7.0.28\webapps\ProyWeb10.war de la aplicación web
sep 04, 2012 2:26:45 AM org.apache.catalina.startup.HostConfig deployWAR
Información: Despliegue del archivo C:\apache-tomcat-7.0.28\webapps\SISTEMA_DE_MANEJO_HANDHELD.war de la aplicación web
sep 04, 2012 2:26:45 AM org.apache.catalina.startup.HostConfig deployDirectory
Información: Despliegue del directorio C:\apache-tomcat-7.0.28\webapps\docs de la aplicación web
sep 04, 2012 2:26:45 AM org.apache.catalina.startup.HostConfig deployDirectory
Información: Despliegue del directorio C:\apache-tomcat-7.0.28\webapps\examples de la aplicación web
sep 04, 2012 2:26:46 AM org.apache.catalina.startup.HostConfig deployDirectory
Información: Despliegue del directorio C:\apache-tomcat-7.0.28\webapps\host-manager de la aplicación web
sep 04, 2012 2:26:46 AM org.apache.catalina.startup.HostConfig deployDirectory
Información: Despliegue del directorio C:\apache-tomcat-7.0.28\webapps\manager de la aplicación web
sep 04, 2012 2:26:46 AM org.apache.catalina.startup.HostConfig deployDirectory
Información: Despliegue del directorio C:\apache-tomcat-7.0.28\webapps\ROOT de la aplicación web
sep 04, 2012 2:26:46 AM org.apache.coyote.AbstractProtocol start
Información: Starting ProtocolHandler ["http-apr-8080"]
sep 04, 2012 2:26:46 AM org.apache.coyote.AbstractProtocol start
Información: Starting ProtocolHandler ["ajp-apr-8009"]
sep 04, 2012 2:26:46 AM org.apache.catalina.startup.Catalina start
Información: Server startup in 1923 ms
sep 04, 2012 8:03:19 AM org.apache.coyote.AbstractProtocol pause
Información: Pausing ProtocolHandler ["http-apr-8080"]
sep 04, 2012 8:03:19 AM org.apache.coyote.AbstractProtocol pause
Información: Pausing ProtocolHandler ["ajp-apr-8009"]
sep 04, 2012 8:03:20 AM org.apache.catalina.core.StandardService stopInternal
Información: Parando servicio Catalina
sep 04, 2012 8:03:20 AM org.apache.catalina.loader.WebappClassLoader clearReferencesJdbc
Grave: La aplicación web [/ProyWeb10] registró el conductor JDBC [com.mysql.jdbc.Driver] pero falló al anular el registro mientras la aplicación web estaba parada. Para prevenir un fallo de memoria, se ha anulado el registro del conductor JDBC por la fuerza.
sep 04, 2012 8:03:20 AM org.apache.coyote.AbstractProtocol stop
Información: Stopping ProtocolHandler ["http-apr-8080"]
sep 04, 2012 8:03:20 AM org.apache.coyote.AbstractProtocol stop
Información: Stopping ProtocolHandler ["ajp-apr-8009"]
sep 04, 2012 6:14:18 PM org.apache.catalina.core.AprLifecycleListener init
Información: Cargada la biblioteca nativa APR de Apache Tomcat 1.1.24 con la versión APR 1.4.6.
sep 04, 2012 6:14:18 PM org.apache.catalina.core.AprLifecycleListener init
Información: Capacidades APR: IPv6 [true], enviar fichero [true], aceptar filtros [false], aleatorio [true].
sep 04, 2012 6:14:20 PM org.apache.catalina.core.AprLifecycleListener initializeSSL
Información: OpenSSL inicializado correctamente (OpenSSL 1.0.1c 10 May 2012)
sep 04, 2012 6:14:20 PM org.apache.coyote.AbstractProtocol init
Información: Initializing ProtocolHandler ["http-apr-8080"]
sep 04, 2012 6:14:20 PM org.apache.coyote.AbstractProtocol init
Información: Initializing ProtocolHandler ["ajp-apr-8009"]
sep 04, 2012 6:14:20 PM org.apache.catalina.startup.Catalina load
Información: Initialization processed in 2723 ms
sep 04, 2012 6:14:20 PM org.apache.catalina.core.StandardService startInternal
Información: Arrancando servicio Catalina
sep 04, 2012 6:14:20 PM org.apache.catalina.core.StandardEngine startInternal
Información: Starting Servlet Engine: Apache Tomcat/7.0.28
sep 04, 2012 6:14:20 PM org.apache.catalina.startup.HostConfig deployWAR
Información: Despliegue del archivo C:\apache-tomcat-7.0.28\webapps\ProyWeb10.war de la aplicación web
sep 04, 2012 6:14:22 PM org.apache.catalina.startup.HostConfig deployWAR
Información: Despliegue del archivo C:\apache-tomcat-7.0.28\webapps\SISTEMA_DE_MANEJO_HANDHELD.war de la aplicación web
sep 04, 2012 6:14:22 PM org.apache.catalina.startup.HostConfig deployDirectory
Información: Despliegue del directorio C:\apache-tomcat-7.0.28\webapps\docs de la aplicación web
sep 04, 2012 6:14:22 PM org.apache.catalina.startup.HostConfig deployDirectory
Información: Despliegue del directorio C:\apache-tomcat-7.0.28\webapps\examples de la aplicación web
sep 04, 2012 6:14:23 PM org.apache.catalina.startup.HostConfig deployDirectory
Información: Despliegue del directorio C:\apache-tomcat-7.0.28\webapps\host-manager de la aplicación web
sep 04, 2012 6:14:23 PM org.apache.catalina.startup.HostConfig deployDirectory
Información: Despliegue del directorio C:\apache-tomcat-7.0.28\webapps\manager de la aplicación web
sep 04, 2012 6:14:23 PM org.apache.catalina.startup.HostConfig deployDirectory
Información: Despliegue del directorio C:\apache-tomcat-7.0.28\webapps\ROOT de la aplicación web
sep 04, 2012 6:14:23 PM org.apache.coyote.AbstractProtocol start
Información: Starting ProtocolHandler ["http-apr-8080"]
sep 04, 2012 6:14:23 PM org.apache.coyote.AbstractProtocol start
Información: Starting ProtocolHandler ["ajp-apr-8009"]
sep 04, 2012 6:14:23 PM org.apache.catalina.startup.Catalina start
Información: Server startup in 3274 ms
sep 04, 2012 9:47:15 PM org.apache.coyote.AbstractProtocol pause
Información: Pausing ProtocolHandler ["http-apr-8080"]
sep 04, 2012 9:47:15 PM org.apache.coyote.AbstractProtocol pause
Información: Pausing ProtocolHandler ["ajp-apr-8009"]
sep 04, 2012 9:47:15 PM org.apache.catalina.core.StandardService stopInternal
Información: Parando servicio Catalina
sep 04, 2012 9:47:15 PM org.apache.catalina.loader.WebappClassLoader clearReferencesJdbc
Grave: La aplicación web [/ProyWeb10] registró el conductor JDBC [com.mysql.jdbc.Driver] pero falló al anular el registro mientras la aplicación web estaba parada. Para prevenir un fallo de memoria, se ha anulado el registro del conductor JDBC por la fuerza.
sep 04, 2012 9:47:15 PM org.apache.catalina.loader.WebappClassLoader clearReferencesJdbc
Grave: La aplicación web [/SISTEMA_DE_MANEJO_HANDHELD] registró el conductor JDBC [com.mysql.jdbc.Driver] pero falló al anular el registro mientras la aplicación web estaba parada. Para prevenir un fallo de memoria, se ha anulado el registro del conductor JDBC por la fuerza.
sep 04, 2012 9:47:15 PM org.apache.coyote.AbstractProtocol stop
Información: Stopping ProtocolHandler ["http-apr-8080"]
sep 04, 2012 9:47:15 PM org.apache.coyote.AbstractProtocol stop
Información: Stopping ProtocolHandler ["ajp-apr-8009"]
