[2012-09-04 02:10:52] [info]  Commons Daemon procrun (1.0.10.0 32-bit) started
[2012-09-04 02:10:52] [info]  Running 'Tomcat7' Service...
[2012-09-04 02:10:52] [info]  Starting service...
[2012-09-04 02:10:55] [info]  Service started in 3244 ms.
[2012-09-04 02:26:39] [info]  Stopping service...
[2012-09-04 02:26:40] [info]  Service stopped.
[2012-09-04 02:26:40] [info]  Run service finished.
[2012-09-04 02:26:40] [info]  Commons Daemon procrun finished
[2012-09-04 02:26:41] [info]  Commons Daemon procrun (1.0.10.0 32-bit) started
[2012-09-04 02:26:41] [info]  Running 'Tomcat7' Service...
[2012-09-04 02:26:41] [info]  Starting service...
[2012-09-04 02:26:42] [info]  Service started in 1357 ms.
[2012-09-04 08:03:19] [info]  Console SHUTDOWN event signaled
[2012-09-04 08:03:19] [info]  Stopping service...
[2012-09-04 08:03:20] [info]  Service stopped.
[2012-09-04 08:03:20] [info]  Run service finished.
[2012-09-04 08:03:20] [info]  Commons Daemon procrun finished
[2012-09-04 18:14:16] [info]  Commons Daemon procrun (1.0.10.0 32-bit) started
[2012-09-04 18:14:16] [info]  Running 'Tomcat7' Service...
[2012-09-04 18:14:16] [info]  Starting service...
[2012-09-04 18:14:18] [info]  Service started in 1684 ms.
[2012-09-04 21:47:15] [info]  Console SHUTDOWN event signaled
[2012-09-04 21:47:15] [info]  Stopping service...
[2012-09-04 21:47:16] [info]  Service stopped.
[2012-09-04 21:47:16] [info]  Run service finished.
[2012-09-04 21:47:16] [info]  Commons Daemon procrun finished
