sep 04, 2012 2:11:16 AM org.apache.catalina.core.ApplicationContext log
Información: HTMLManager: init: Associated with Deployer 'Catalina:type=Deployer,host=localhost'
sep 04, 2012 2:11:16 AM org.apache.catalina.core.ApplicationContext log
Información: HTMLManager: init: Global resources are available
sep 04, 2012 2:11:16 AM org.apache.catalina.core.ApplicationContext log
Información: HTMLManager: list: Listing contexts for virtual host 'localhost'
sep 04, 2012 2:11:35 AM org.apache.catalina.core.ApplicationContext log
Información: HTMLManager: list: Listing contexts for virtual host 'localhost'
sep 04, 2012 2:21:30 AM org.apache.catalina.core.ApplicationContext log
Información: HTMLManager: list: Listing contexts for virtual host 'localhost'
sep 04, 2012 2:22:12 AM org.apache.catalina.core.ApplicationContext log
Información: HTMLManager: sessions: Session information for web application '/ProyWeb10'
sep 04, 2012 2:22:12 AM org.apache.catalina.core.ApplicationContext log
Información: HTMLManager: sessions: Session expiration for 999999999 minutes '/ProyWeb10'
sep 04, 2012 2:22:12 AM org.apache.catalina.core.ApplicationContext log
Información: HTMLManager: list: Listing contexts for virtual host 'localhost'
sep 04, 2012 2:22:40 AM org.apache.catalina.core.ApplicationContext log
Información: HTMLManager: sessions: Session information for web application '/ProyWeb10'
sep 04, 2012 2:22:40 AM org.apache.catalina.core.ApplicationContext log
Información: HTMLManager: sessions: Session expiration for 100000 minutes '/ProyWeb10'
sep 04, 2012 2:22:40 AM org.apache.catalina.core.ApplicationContext log
Información: HTMLManager: list: Listing contexts for virtual host 'localhost'
sep 04, 2012 2:22:48 AM org.apache.catalina.core.ApplicationContext log
Información: HTMLManager: sessions: Session information for web application '/ProyWeb10'
sep 04, 2012 2:22:48 AM org.apache.catalina.core.ApplicationContext log
Información: HTMLManager: sessions: Session expiration for 50 minutes '/ProyWeb10'
sep 04, 2012 2:22:48 AM org.apache.catalina.core.ApplicationContext log
Información: HTMLManager: list: Listing contexts for virtual host 'localhost'
sep 04, 2012 2:22:57 AM org.apache.catalina.core.ApplicationContext log
Información: HTMLManager: restart: Reloading web application '/ProyWeb10'
sep 04, 2012 2:22:57 AM org.apache.catalina.core.ApplicationContext log
Información: HTMLManager: list: Listing contexts for virtual host 'localhost'
sep 04, 2012 2:23:01 AM org.apache.catalina.core.ApplicationContext log
Información: HTMLManager: restart: Reloading web application '/ProyWeb10'
sep 04, 2012 2:23:01 AM org.apache.catalina.core.ApplicationContext log
Información: HTMLManager: list: Listing contexts for virtual host 'localhost'
sep 04, 2012 2:23:01 AM org.apache.catalina.core.ApplicationContext log
Información: HTMLManager: restart: Reloading web application '/ProyWeb10'
sep 04, 2012 2:23:02 AM org.apache.catalina.core.ApplicationContext log
Información: HTMLManager: list: Listing contexts for virtual host 'localhost'
sep 04, 2012 2:23:07 AM org.apache.catalina.core.ApplicationContext log
Información: HTMLManager: restart: Reloading web application '/ProyWeb10'
sep 04, 2012 2:23:08 AM org.apache.catalina.core.ApplicationContext log
Información: HTMLManager: list: Listing contexts for virtual host 'localhost'
sep 04, 2012 2:26:31 AM org.apache.catalina.core.ApplicationContext log
Información: HTMLManager: list: Listing contexts for virtual host 'localhost'
sep 04, 2012 2:26:47 AM org.apache.catalina.core.ApplicationContext log
Información: HTMLManager: init: Associated with Deployer 'Catalina:type=Deployer,host=localhost'
sep 04, 2012 2:26:47 AM org.apache.catalina.core.ApplicationContext log
Información: HTMLManager: init: Global resources are available
sep 04, 2012 2:26:47 AM org.apache.catalina.core.ApplicationContext log
Información: HTMLManager: list: Listing contexts for virtual host 'localhost'
sep 04, 2012 2:40:11 AM org.apache.catalina.core.ApplicationContext log
Información: HTMLManager: list: Listing contexts for virtual host 'localhost'
sep 04, 2012 2:40:25 AM org.apache.catalina.core.ApplicationContext log
Información: HTMLManager: list: Listing contexts for virtual host 'localhost'
sep 04, 2012 2:40:36 AM org.apache.catalina.core.ApplicationContext log
Información: HTMLManager: list: Listing contexts for virtual host 'localhost'
sep 04, 2012 2:40:55 AM org.apache.catalina.core.ApplicationContext log
Información: HTMLManager: list: Listing contexts for virtual host 'localhost'
sep 04, 2012 2:41:01 AM org.apache.catalina.core.ApplicationContext log
Información: HTMLManager: list: Listing contexts for virtual host 'localhost'
sep 04, 2012 2:41:03 AM org.apache.catalina.core.ApplicationContext log
Información: HTMLManager: list: Listing contexts for virtual host 'localhost'
sep 04, 2012 2:41:03 AM org.apache.catalina.core.ApplicationContext log
Información: HTMLManager: list: Listing contexts for virtual host 'localhost'
sep 04, 2012 6:14:34 PM org.apache.catalina.core.ApplicationContext log
Información: HTMLManager: init: Associated with Deployer 'Catalina:type=Deployer,host=localhost'
sep 04, 2012 6:14:34 PM org.apache.catalina.core.ApplicationContext log
Información: HTMLManager: init: Global resources are available
sep 04, 2012 6:14:34 PM org.apache.catalina.core.ApplicationContext log
Información: HTMLManager: list: Listing contexts for virtual host 'localhost'
sep 04, 2012 6:42:22 PM org.apache.catalina.core.ApplicationContext log
Información: HTMLManager: list: Listing contexts for virtual host 'localhost'
sep 04, 2012 6:48:00 PM org.apache.catalina.core.ApplicationContext log
Información: HTMLManager: list: Listing contexts for virtual host 'localhost'
sep 04, 2012 7:36:59 PM org.apache.catalina.core.ApplicationContext log
Información: HTMLManager: list: Listing contexts for virtual host 'localhost'
