
2012-09-21 00:45:24 Commons Daemon procrun stderr initialized
sep 21, 2012 12:45:29 AM org.apache.catalina.core.AprLifecycleListener init
Información: Cargada la biblioteca nativa APR de Apache Tomcat 1.1.24 con la versión APR 1.4.6.
sep 21, 2012 12:45:30 AM org.apache.catalina.core.AprLifecycleListener init
Información: Capacidades APR: IPv6 [true], enviar fichero [true], aceptar filtros [false], aleatorio [true].
sep 21, 2012 12:45:32 AM org.apache.catalina.core.AprLifecycleListener initializeSSL
Información: OpenSSL inicializado correctamente (OpenSSL 1.0.1c 10 May 2012)
sep 21, 2012 12:45:33 AM org.apache.coyote.AbstractProtocol init
Información: Initializing ProtocolHandler ["http-apr-8080"]
sep 21, 2012 12:45:33 AM org.apache.coyote.AbstractProtocol init
Información: Initializing ProtocolHandler ["ajp-apr-8009"]
sep 21, 2012 12:45:33 AM org.apache.catalina.startup.Catalina load
Información: Initialization processed in 5259 ms
sep 21, 2012 12:45:33 AM org.apache.catalina.core.StandardService startInternal
Información: Arrancando servicio Catalina
sep 21, 2012 12:45:33 AM org.apache.catalina.core.StandardEngine startInternal
Información: Starting Servlet Engine: Apache Tomcat/7.0.28
sep 21, 2012 12:45:33 AM org.apache.catalina.startup.HostConfig deployWAR
Información: Despliegue del archivo C:\apache-tomcat-7.0.28\webapps\ProyWeb10.war de la aplicación web
sep 21, 2012 12:45:36 AM org.apache.catalina.util.SessionIdGenerator createSecureRandom
Información: Creation of SecureRandom instance for session ID generation using [SHA1PRNG] took [240] milliseconds.
sep 21, 2012 12:45:36 AM org.apache.catalina.startup.HostConfig deployWAR
Información: Despliegue del archivo C:\apache-tomcat-7.0.28\webapps\SISTEMA_DE_MANEJO_HANDHELD.war de la aplicación web
sep 21, 2012 12:45:36 AM org.apache.catalina.startup.HostConfig deployDirectory
Información: Despliegue del directorio C:\apache-tomcat-7.0.28\webapps\docs de la aplicación web
sep 21, 2012 12:45:36 AM org.apache.catalina.startup.HostConfig deployDirectory
Información: Despliegue del directorio C:\apache-tomcat-7.0.28\webapps\examples de la aplicación web
sep 21, 2012 12:45:37 AM org.apache.catalina.startup.HostConfig deployDirectory
Información: Despliegue del directorio C:\apache-tomcat-7.0.28\webapps\host-manager de la aplicación web
sep 21, 2012 12:45:38 AM org.apache.catalina.startup.HostConfig deployDirectory
Información: Despliegue del directorio C:\apache-tomcat-7.0.28\webapps\manager de la aplicación web
sep 21, 2012 12:45:38 AM org.apache.catalina.startup.HostConfig deployDirectory
Información: Despliegue del directorio C:\apache-tomcat-7.0.28\webapps\ROOT de la aplicación web
sep 21, 2012 12:45:38 AM org.apache.coyote.AbstractProtocol start
Información: Starting ProtocolHandler ["http-apr-8080"]
sep 21, 2012 12:45:38 AM org.apache.coyote.AbstractProtocol start
Información: Starting ProtocolHandler ["ajp-apr-8009"]
sep 21, 2012 12:45:38 AM org.apache.catalina.startup.Catalina start
Información: Server startup in 5146 ms
sep 21, 2012 12:46:19 AM org.apache.coyote.AbstractProtocol pause
Información: Pausing ProtocolHandler ["http-apr-8080"]
sep 21, 2012 12:46:19 AM org.apache.coyote.AbstractProtocol pause
Información: Pausing ProtocolHandler ["ajp-apr-8009"]
sep 21, 2012 12:46:19 AM org.apache.catalina.core.StandardService stopInternal
Información: Parando servicio Catalina
sep 21, 2012 12:46:20 AM org.apache.catalina.loader.WebappClassLoader clearReferencesJdbc
Grave: La aplicación web [/ProyWeb10] registró el conductor JDBC [com.mysql.jdbc.Driver] pero falló al anular el registro mientras la aplicación web estaba parada. Para prevenir un fallo de memoria, se ha anulado el registro del conductor JDBC por la fuerza.
sep 21, 2012 12:46:20 AM org.apache.coyote.AbstractProtocol stop
Información: Stopping ProtocolHandler ["http-apr-8080"]
sep 21, 2012 12:46:20 AM org.apache.coyote.AbstractProtocol stop
Información: Stopping ProtocolHandler ["ajp-apr-8009"]
